0 info it worked if it ends with ok
1 verbose cli [ '/home/ubuntu/.nvm/versions/node/v6.11.2/bin/node',
1 verbose cli   '/home/ubuntu/.nvm/versions/node/v6.11.2/bin/npm',
1 verbose cli   'run',
1 verbose cli   'lint' ]
2 info using npm@3.10.10
3 info using node@v6.11.2
4 verbose run-script [ 'prelint', 'lint', 'postlint' ]
5 info lifecycle loggerv3@0.5.0~prelint: loggerv3@0.5.0
6 silly lifecycle loggerv3@0.5.0~prelint: no script for prelint, continuing
7 info lifecycle loggerv3@0.5.0~lint: loggerv3@0.5.0
8 verbose lifecycle loggerv3@0.5.0~lint: unsafe-perm in lifecycle true
9 verbose lifecycle loggerv3@0.5.0~lint: PATH: /home/ubuntu/.nvm/versions/node/v6.11.2/lib/node_modules/npm/bin/node-gyp-bin:/home/ubuntu/workspace/loggerv3/node_modules/.bin:/home/ubuntu/.nvm/versions/node/v6.11.2/bin:/usr/local/rvm/gems/ruby-2.4.0/bin:/usr/local/rvm/gems/ruby-2.4.0@global/bin:/usr/local/rvm/rubies/ruby-2.4.0/bin:/mnt/shared/bin:/home/ubuntu/workspace/node_modules/.bin:/home/ubuntu/bin:/usr/local/sbin:/usr/local/bin:/usr/sbin:/usr/bin:/sbin:/bin:/mnt/shared/sbin:/opt/gitl:/opt/go/bin:/mnt/shared/c9/app.nw/bin:/usr/local/rvm/bin
10 verbose lifecycle loggerv3@0.5.0~lint: CWD: /home/ubuntu/workspace/loggerv3
11 silly lifecycle loggerv3@0.5.0~lint: Args: [ '-c', 'eslint . --ext .js' ]
12 silly lifecycle loggerv3@0.5.0~lint: Returned: code: 1  signal: null
13 info lifecycle loggerv3@0.5.0~lint: Failed to exec lint script
14 verbose stack Error: loggerv3@0.5.0 lint: `eslint . --ext .js`
14 verbose stack Exit status 1
14 verbose stack     at EventEmitter.<anonymous> (/home/ubuntu/.nvm/versions/node/v6.11.2/lib/node_modules/npm/lib/utils/lifecycle.js:255:16)
14 verbose stack     at emitTwo (events.js:106:13)
14 verbose stack     at EventEmitter.emit (events.js:191:7)
14 verbose stack     at ChildProcess.<anonymous> (/home/ubuntu/.nvm/versions/node/v6.11.2/lib/node_modules/npm/lib/utils/spawn.js:40:14)
14 verbose stack     at emitTwo (events.js:106:13)
14 verbose stack     at ChildProcess.emit (events.js:191:7)
14 verbose stack     at maybeClose (internal/child_process.js:891:16)
14 verbose stack     at Process.ChildProcess._handle.onexit (internal/child_process.js:226:5)
15 verbose pkgid loggerv3@0.5.0
16 verbose cwd /home/ubuntu/workspace/loggerv3
17 error Linux 4.9.120-c9
18 error argv "/home/ubuntu/.nvm/versions/node/v6.11.2/bin/node" "/home/ubuntu/.nvm/versions/node/v6.11.2/bin/npm" "run" "lint"
19 error node v6.11.2
20 error npm  v3.10.10
21 error code ELIFECYCLE
22 error loggerv3@0.5.0 lint: `eslint . --ext .js`
22 error Exit status 1
23 error Failed at the loggerv3@0.5.0 lint script 'eslint . --ext .js'.
23 error Make sure you have the latest version of node.js and npm installed.
23 error If you do, this is most likely a problem with the loggerv3 package,
23 error not with npm itself.
23 error Tell the author that this fails on your system:
23 error     eslint . --ext .js
23 error You can get information on how to open an issue for this project with:
23 error     npm bugs loggerv3
23 error Or if that isn't available, you can get their info via:
23 error     npm owner ls loggerv3
23 error There is likely additional logging output above.
24 verbose exit [ 1, true ]
